#========================================================================================
#                     Free energy perturbation    
#----------------------------------------------------------------------------------------
#forward/backward          λ              ΔΔA                 ΔA                  δε   
#                                                 
#----------------------------------------------------------------------------------------
forward:               0.0000              0.0000              0.0000              0.0000  
forward:               0.0625              0.3625              0.3625              0.0503  
forward:               0.1250              0.6819              1.0444              0.0515  
forward:               0.1875              0.8749              1.9194              0.0531  
forward:               0.2500              0.9264              2.8458              0.0549  
forward:               0.3125              0.9793              3.8251              0.0560  
forward:               0.3750              1.0646              4.8897              0.0654  
forward:               0.4375              1.0450              5.9347              0.0769  
forward:               0.5000              1.0425              6.9772              0.0776  
forward:               0.5625              0.1708              7.1480              0.0795  
forward:               0.6250              0.1867              7.3347              0.0809  
forward:               0.6875              0.2092              7.5439              0.0814  
forward:               0.7500              0.3081              7.8521              0.0830  
forward:               0.8125              0.4601              8.3122              0.0847  
forward:               0.8750              0.5941              8.9063              0.0860  
forward:               0.9375              0.7168              9.6231              0.0869  
forward:               1.0000              0.9100             10.5331              0.0881  
backward:              1.0000              0.0000             10.5331              0.0000  
backward:              0.9375             -0.8946              9.6385              0.0142  
backward:              0.8750             -0.7009              8.9376              0.0206  
backward:              0.8125             -0.5596              8.3781              0.0245  
backward:              0.7500             -0.4301              7.9479              0.0262  
backward:              0.6875             -0.3231              7.6249              0.0290  
backward:              0.6250             -0.1889              7.4360              0.0441  
backward:              0.5625             -0.1375              7.2985              0.0465  
backward:              0.5000             -0.1024              7.1960              0.0487  
backward:              0.4375             -1.0025              6.1935              0.0584  
backward:              0.3750             -1.0389              5.1546              0.0711  
backward:              0.3125             -1.0236              4.1310              0.0717  
backward:              0.2500             -0.9605              3.1704              0.0731  
backward:              0.1875             -0.8978              2.2726              0.0784  
backward:              0.1250             -0.8400              1.4326              0.0791  
backward:              0.0625             -0.6634              0.7692              0.0794  
backward:              0.0000             -0.4739              0.2953              0.0799  
Inaccuracy estimation
======================================================================================================
                   i        i+δi          P0_overlap_P1   δε(forward)/ε   δε(backward)/ε
======================================================================================================
inaccuracy:  0.00000        0.06250           85.61           -0.01            0.03
inaccuracy:  0.06250        0.12500           74.76           -0.03            0.17
inaccuracy:  0.12500        0.18750           71.71           -0.01            0.26
inaccuracy:  0.18750        0.25000           76.31           -0.03            0.08
inaccuracy:  0.25000        0.31250           76.31           -0.01            0.12
inaccuracy:  0.31250        0.37500           74.46           -0.02            0.29
inaccuracy:  0.37500        0.43750           78.21           -0.02            0.16
inaccuracy:  0.43750        0.50000           74.21           -0.03            0.03
inaccuracy:  0.50000        0.56250           73.61           -0.06            0.00
inaccuracy:  0.56250        0.62500           75.76           -0.08            0.04
inaccuracy:  0.62500        0.68750           81.86           -0.06            0.02
inaccuracy:  0.68750        0.75000           88.06           -0.02            0.02
inaccuracy:  0.75000        0.81250           82.16           -0.01            0.03
inaccuracy:  0.81250        0.87500           82.31            0.00            0.09
inaccuracy:  0.87500        0.93750           83.41            0.01            0.06
inaccuracy:  0.93750        1.00000           82.36            0.00            0.16
#==================================================
#        G-C expansion    
#--------------------------------------------------
#forward/backward                ΔΔA             ΔA
#                          
#--------------------------------------------------
for/back:  gc:              0.0000           0.0000      
forward:   gc:              1.0266           1.0266
forward:   gc:                 nan           1.0266
forward:   gc:                 nan           1.0266
forward:   gc:                 nan           1.0266
forward:   gc:                 nan           1.0266
forward:   gc:                 nan           1.0266
forward:   gc:                 nan           1.0266
forward:   gc:                 nan           1.0266
forward:   gc:              0.2671           1.2938
forward:   gc:              0.2801           1.5739
forward:   gc:              0.3206           1.8945
forward:   gc:              0.4986           2.3931
forward:   gc:              0.9398           3.3328
forward:   gc:                 nan           3.3328
forward:   gc:                 nan           3.3328
forward:   gc:                 nan           3.3328
backward:  gc:             -0.5476           2.7852
backward:  gc:             -0.4630           2.3223
backward:  gc:             -0.3940           1.9283
backward:  gc:             -0.3216           1.6067
backward:  gc:             -0.2501           1.3566
backward:  gc:             -0.1394           1.2172
backward:  gc:             -0.0924           1.1248
backward:  gc:             -0.0555           1.0693
backward:  gc:             -0.6134           0.4558
backward:  gc:             -0.6306          -0.1747
backward:  gc:             -0.6168          -0.7916
backward:  gc:             -0.5865          -1.3780
backward:  gc:             -0.5658          -1.9438
backward:  gc:             -0.5350          -2.4788
backward:  gc:             -0.4519          -2.9307
backward:  gc:             -0.3413          -3.2720
  
===================================================================================================================================
            	   BAR        
-----------------------------------------------------------------------------------------------------------------------------------
BAR-estimator:         λ             λ+δλ          ΔΔA             ΔA            C               Δδe            δe       
                          
-----------------------------------------------------------------------------------------------------------------------------------
BAR-estimator:      0.00000        0.06250        0.5580         0.5580         0.5580         0.0144         0.0144 
BAR-estimator:      0.06250        0.12500        0.6863         1.2442         0.6863         0.0108         0.0180 
BAR-estimator:      0.12500        0.18750        0.8694         2.1137         0.8694         0.0082         0.0198 
BAR-estimator:      0.18750        0.25000        0.9085         3.0222         0.9085         0.0170         0.0261 
BAR-estimator:      0.25000        0.31250        0.9710         3.9931         0.9710         0.0132         0.0292 
BAR-estimator:      0.31250        0.37500        1.0441         5.0372         1.0441         0.0234         0.0375 
BAR-estimator:      0.37500        0.43750        1.0358         6.0730         1.0358         0.0167         0.0410 
BAR-estimator:      0.43750        0.50000        1.0095         7.0825         1.0095         0.0109         0.0424 
BAR-estimator:      0.50000        0.56250        0.1504         7.2329         0.1504         0.0181         0.0461 
BAR-estimator:      0.56250        0.62500        0.1536         7.3865         0.1536         0.0220         0.0511 
BAR-estimator:      0.62500        0.68750        0.1927         7.5792         0.1927         0.0061         0.0515 
BAR-estimator:      0.68750        0.75000        0.3169         7.8962         0.3169         0.0083         0.0522 
BAR-estimator:      0.75000        0.81250        0.4452         8.3414         0.4452         0.0078         0.0527 
BAR-estimator:      0.81250        0.87500        0.5805         8.9218         0.5805         0.0085         0.0534 
BAR-estimator:      0.87500        0.93750        0.7079         9.6297         0.7079         0.0078         0.0540 
BAR-estimator:      0.93750        1.00000        0.9070        10.5367         0.9070         0.0097         0.0548 
BAR-estimator: total free energy change is 10.536724378708504 , total error is 0.05484414573190965
