#========================================================================================
#                     Free energy perturbation    
#----------------------------------------------------------------------------------------
#forward/backward          λ              ΔΔA                 ΔA                  δε   
#                                                 
#----------------------------------------------------------------------------------------
forward:               0.0000              0.0000              0.0000              0.0000  
forward:               0.0625              0.4852              0.4852              0.0106  
forward:               0.1250              0.6692              1.1545              0.0141  
forward:               0.1875              0.8588              2.0133              0.0165  
forward:               0.2500              0.9702              2.9835              0.0187  
forward:               0.3125              1.0459              4.0293              0.0209  
forward:               0.3750              1.0911              5.1205              0.0233  
forward:               0.4375              1.1338              6.2543              0.0252  
forward:               0.5000              1.1335              7.3878              0.0266  
forward:               0.5625              0.0189              7.4068              0.0295  
forward:               0.6250              0.0399              7.4467              0.0311  
forward:               0.6875              0.0981              7.5448              0.0320  
forward:               0.7500              0.1573              7.7021              0.0327  
forward:               0.8125              0.2497              7.9518              0.0332  
forward:               0.8750              0.3878              8.3396              0.0335  
forward:               0.9375              0.5424              8.8820              0.0339  
forward:               1.0000              0.7185              9.6005              0.0344  
backward:              1.0000              0.0000              9.6005              0.0000  
backward:              0.9375             -0.7094              8.8912              0.0061  
backward:              0.8750             -0.5429              8.3483              0.0085  
backward:              0.8125             -0.3839              7.9644              0.0093  
backward:              0.7500             -0.2545              7.7100              0.0107  
backward:              0.6875             -0.1499              7.5600              0.0124  
backward:              0.6250             -0.0914              7.4686              0.0136  
backward:              0.5625             -0.0454              7.4231              0.0148  
backward:              0.5000             -0.0277              7.3955              0.0158  
backward:              0.4375             -1.1428              6.2527              0.0172  
backward:              0.3750             -1.1276              5.1251              0.0183  
backward:              0.3125             -1.0909              4.0342              0.0197  
backward:              0.2500             -1.0475              2.9868              0.0211  
backward:              0.1875             -0.9634              2.0234              0.0225  
backward:              0.1250             -0.8564              1.1670              0.0236  
backward:              0.0625             -0.7042              0.4628              0.0248  
backward:              0.0000             -0.4719             -0.0092              0.0259  
Inaccuracy estimation
======================================================================================================
                   i        i+δi          P0_overlap_P1   δε(forward)/ε   δε(backward)/ε
======================================================================================================
inaccuracy:  0.00000        0.06250           83.06           -0.03            0.03
inaccuracy:  0.06250        0.12500           83.06           -0.03            0.03
inaccuracy:  0.12500        0.18750           81.06           -0.02            0.08
inaccuracy:  0.18750        0.25000           81.31           -0.01            0.17
inaccuracy:  0.25000        0.31250           83.26           -0.01            0.02
inaccuracy:  0.31250        0.37500           82.36           -0.01            0.07
inaccuracy:  0.37500        0.43750           81.91           -0.00            0.11
inaccuracy:  0.43750        0.50000           85.21           -0.00            0.06
inaccuracy:  0.50000        0.56250           87.51           -0.04            0.01
inaccuracy:  0.56250        0.62500           83.71           -0.05            0.01
inaccuracy:  0.62500        0.68750           85.86           -0.04            0.03
inaccuracy:  0.68750        0.75000           84.51           -0.03            0.02
inaccuracy:  0.75000        0.81250           89.61           -0.01            0.02
inaccuracy:  0.81250        0.87500           89.46            0.00            0.03
inaccuracy:  0.87500        0.93750           87.61            0.00            0.04
inaccuracy:  0.93750        1.00000           83.51            0.00            0.07
#==================================================
#        G-C expansion    
#--------------------------------------------------
#forward/backward                ΔΔA             ΔA
#                          
#--------------------------------------------------
for/back:  gc:              0.0000           0.0000      
forward:   gc:              1.6006           1.6006
forward:   gc:                 nan           1.6006
forward:   gc:                 nan           1.6006
forward:   gc:                 nan           1.6006
forward:   gc:                 nan           1.6006
forward:   gc:                 nan           1.6006
forward:   gc:                 nan           1.6006
forward:   gc:                 nan           1.6006
forward:   gc:              0.0623           1.6629
forward:   gc:              0.0874           1.7503
forward:   gc:              0.1390           1.8893
forward:   gc:              0.2138           2.1031
forward:   gc:              0.3522           2.4553
forward:   gc:              0.6567           3.1120
forward:   gc:              1.5542           4.6661
forward:   gc:                 nan           4.6661
backward:  gc:             -0.4667           4.1995
backward:  gc:             -0.3844           3.8150
backward:  gc:             -0.2939           3.5211
backward:  gc:             -0.2055           3.3156
backward:  gc:             -0.1184           3.1973
backward:  gc:             -0.0644           3.1329
backward:  gc:             -0.0135           3.1193
backward:  gc:              0.0059           3.1252
backward:  gc:             -0.6582           2.4670
backward:  gc:             -0.6516           1.8154
backward:  gc:             -0.6399           1.1754
backward:  gc:             -0.6227           0.5527
backward:  gc:             -0.5879          -0.0352
backward:  gc:             -0.5419          -0.5771
backward:  gc:             -0.4694          -1.0465
backward:  gc:             -0.3365          -1.3830
  
===================================================================================================================================
            	   BAR        
-----------------------------------------------------------------------------------------------------------------------------------
BAR-estimator:         λ             λ+δλ          ΔΔA             ΔA            C               Δδe            δe       
                          
-----------------------------------------------------------------------------------------------------------------------------------
BAR-estimator:      0.00000        0.06250        0.6885         0.6885         0.6885         0.0053         0.0053 
BAR-estimator:      0.06250        0.12500        0.6885         1.3769         0.6885         0.0063         0.0082 
BAR-estimator:      0.12500        0.18750        0.8555         2.2324         0.8555         0.0051         0.0097 
BAR-estimator:      0.18750        0.25000        0.9659         3.1983         0.9659         0.0062         0.0115 
BAR-estimator:      0.25000        0.31250        1.0438         4.2422         1.0438         0.0057         0.0128 
BAR-estimator:      0.31250        0.37500        1.0898         5.3320         1.0898         0.0051         0.0138 
BAR-estimator:      0.37500        0.43750        1.1298         6.4618         1.1298         0.0052         0.0147 
BAR-estimator:      0.43750        0.50000        1.1343         7.5961         1.1343         0.0049         0.0155 
BAR-estimator:      0.50000        0.56250        0.0354         7.6316         0.0354         0.0046         0.0162 
BAR-estimator:      0.56250        0.62500        0.0463         7.6779         0.0463         0.0046         0.0168 
BAR-estimator:      0.62500        0.68750        0.0928         7.7707         0.0928         0.0041         0.0173 
BAR-estimator:      0.68750        0.75000        0.1512         7.9218         0.1512         0.0040         0.0178 
BAR-estimator:      0.75000        0.81250        0.2525         8.1743         0.2525         0.0034         0.0181 
BAR-estimator:      0.81250        0.87500        0.3862         8.5605         0.3862         0.0026         0.0183 
BAR-estimator:      0.87500        0.93750        0.5418         9.1024         0.5418         0.0035         0.0186 
BAR-estimator:      0.93750        1.00000        0.7137         9.8161         0.7137         0.0039         0.0190 
BAR-estimator: total free energy change is 9.816090040563225 , total error is 0.019018083084097616
